\BOOKMARK [1][-]{section.1}{\376\377\000E\000i\000n\000l\000e\000i\000t\000u\000n\000g\000\040\000u\000n\000d\000\040\000M\000o\000t\000i\000v\000a\000t\000i\000o\000n}{}% 1
\BOOKMARK [1][-]{section.2}{\376\377\000F\000u\000n\000d\000a\000m\000e\000n\000t\000a\000l\000e\000s\000\040\000M\000o\000d\000e\000l\000l}{}% 2
\BOOKMARK [2][-]{subsection.2.1}{\376\377\000O\000n\000t\000o\000l\000o\000g\000i\000e}{section.2}% 3
\BOOKMARK [2][-]{subsection.2.2}{\376\377\000M\000i\000k\000r\000o\000s\000k\000o\000p\000i\000s\000c\000h\000e\000\040\000D\000y\000n\000a\000m\000i\000k}{section.2}% 4
\BOOKMARK [1][-]{section.3}{\376\377\000E\000m\000e\000r\000g\000e\000n\000z\000\040\000d\000e\000r\000\040\000Z\000e\000i\000t}{}% 5
\BOOKMARK [1][-]{section.4}{\376\377\000E\000m\000e\000r\000g\000e\000n\000z\000\040\000d\000e\000r\000\040\000D\000i\000m\000e\000n\000s\000i\000o\000n\000a\000l\000i\000t\000\344\000t}{}% 6
\BOOKMARK [1][-]{section.5}{\376\377\000M\000a\000k\000r\000o\000s\000k\000o\000p\000i\000s\000c\000h\000e\000\040\000O\000b\000s\000e\000r\000v\000a\000b\000l\000e\000n}{}% 7
\BOOKMARK [2][-]{subsection.5.1}{\376\377\000B\000e\000s\000u\000c\000h\000s\000d\000i\000c\000h\000t\000e}{section.5}% 8
\BOOKMARK [2][-]{subsection.5.2}{\376\377\000K\000o\000r\000r\000e\000l\000a\000t\000i\000o\000n\000e\000n}{section.5}% 9
\BOOKMARK [2][-]{subsection.5.3}{\376\377\000E\000n\000e\000r\000g\000i\000e\000-\000I\000m\000p\000u\000l\000s\000-\000T\000e\000n\000s\000o\000r}{section.5}% 10
\BOOKMARK [1][-]{section.6}{\376\377\000L\000o\000k\000a\000l\000i\000t\000\344\000t\000\040\000u\000n\000d\000\040\000R\000e\000p\000a\000r\000a\000m\000e\000t\000r\000i\000s\000i\000e\000r\000u\000n\000g\000s\000i\000n\000v\000a\000r\000i\000a\000n\000z}{}% 11
\BOOKMARK [1][-]{section.7}{\376\377\000E\000f\000f\000e\000k\000t\000i\000v\000e\000\040\000W\000i\000r\000k\000u\000n\000g\000\040\000u\000n\000d\000\040\000g\000e\000o\000d\000\344\000t\000i\000s\000c\000h\000e\000\040\000B\000e\000w\000e\000g\000u\000n\000g}{}% 12
\BOOKMARK [1][-]{section.8}{\376\377\000E\000m\000e\000r\000g\000e\000n\000t\000e\000\040\000F\000e\000l\000d\000g\000l\000e\000i\000c\000h\000u\000n\000g\000e\000n}{}% 13
\BOOKMARK [1][-]{section.9}{\376\377\000G\000\374\000l\000t\000i\000g\000k\000e\000i\000t\000s\000b\000e\000r\000e\000i\000c\000h\000\040\000u\000n\000d\000\040\000o\000f\000f\000e\000n\000e\000\040\000P\000r\000o\000b\000l\000e\000m\000e}{}% 14
\BOOKMARK [1][-]{appendix.A}{\376\377\000V\000a\000r\000i\000a\000t\000i\000o\000n\000s\000p\000r\000o\000b\000l\000e\000m\000\040\000u\000n\000d\000\040\000S\000i\000g\000n\000a\000t\000u\000r\000s\000e\000l\000e\000k\000t\000i\000o\000n\000\040\000\050\000R\000o\000b\000u\000s\000t\000h\000e\000i\000t\000s\000a\000n\000a\000l\000y\000s\000e\000\051}{}% 15
\BOOKMARK [2][-]{subsection.A.1}{\376\377\000G\000e\000o\000d\000\344\000t\000i\000s\000c\000h\000e\000\040\000W\000i\000r\000k\000u\000n\000g\000\040\000u\000n\000d\000\040\000R\000e\000p\000a\000r\000a\000m\000e\000t\000r\000i\000s\000i\000e\000r\000u\000n\000g\000s\000i\000n\000v\000a\000r\000i\000a\000n\000z}{appendix.A}% 16
\BOOKMARK [2][-]{subsection.A.2}{\376\377\000Z\000w\000e\000i\000t\000e\000\040\000V\000a\000r\000i\000a\000t\000i\000o\000n\000\040\000u\000n\000d\000\040\000S\000t\000a\000b\000i\000l\000i\000t\000\344\000t}{appendix.A}% 17
\BOOKMARK [2][-]{subsection.A.3}{\376\377\000S\000i\000g\000n\000a\000t\000u\000r\000k\000l\000a\000s\000s\000i\000f\000i\000k\000a\000t\000i\000o\000n}{appendix.A}% 18
\BOOKMARK [2][-]{subsection.A.4}{\376\377\000R\000\374\000c\000k\000k\000o\000p\000p\000l\000u\000n\000g\000\040\000a\000n\000\040\000d\000i\000e\000\040\000S\000t\000a\000t\000i\000s\000t\000i\000k}{appendix.A}% 19
\BOOKMARK [2][-]{subsection.A.5}{\376\377\000K\000o\000n\000t\000r\000o\000l\000l\000g\000r\000\366\000\337\000e}{appendix.A}% 20
\BOOKMARK [2][-]{subsection.A.6}{\376\377\000G\000r\000e\000n\000z\000f\000\344\000l\000l\000e\000\040\000u\000n\000d\000\040\000E\000x\000o\000t\000i\000k\000a}{appendix.A}% 21
\BOOKMARK [1][-]{appendix.B}{\376\377\000E\000x\000p\000l\000i\000z\000i\000t\000e\000s\000\040\000B\000e\000i\000s\000p\000i\000e\000l\000\040\000\050\000f\000l\000a\000c\000h\000\051}{}% 22
\BOOKMARK [1][-]{appendix.C}{\376\377\000R\000o\000b\000u\000s\000t\000h\000e\000i\000t\000s\000-\000S\000t\000r\000e\000s\000s\000t\000e\000s\000t\000\040\000\050\000Z\000u\000s\000a\000m\000m\000e\000n\000f\000a\000s\000s\000u\000n\000g\000\051}{}% 23
\BOOKMARK [1][-]{appendix.D}{\376\377\000R\000e\000p\000a\000r\000a\000m\000e\000t\000r\000i\000s\000i\000e\000r\000u\000n\000g\000s\000i\000n\000v\000a\000r\000i\000a\000n\000z}{}% 24
\BOOKMARK [1][-]{appendix.E}{\376\377\000S\000t\000a\000b\000i\000l\000i\000t\000\344\000t\000\040\000v\000o\000n\000\040\000K\000n\000o\000t\000e\000n\000t\000y\000p\000e\000n}{}% 25
\BOOKMARK [1][-]{appendix.F}{\376\377\000E\000m\000e\000r\000g\000e\000n\000t\000e\000\040\000D\000i\000m\000e\000n\000s\000i\000o\000n\000a\000l\000i\000t\000\344\000t}{}% 26
\BOOKMARK [1][-]{appendix.G}{\376\377\000D\000i\000s\000k\000r\000e\000t\040\023\000K\000o\000n\000t\000i\000n\000u\000u\000m\000-\000L\000i\000m\000e\000s}{}% 27
\BOOKMARK [1][-]{appendix.H}{\376\377\000D\000i\000v\000e\000r\000g\000e\000n\000z\000f\000r\000e\000i\000h\000e\000i\000t\000\040\000v\000o\000n\000\040\000T\000i\000j}{}% 28
